[debug] [2023-07-05T03:11:01.371Z] ----------------------------------------------------------------------
[debug] [2023-07-05T03:11:01.375Z] Command:       C:\Program Files\nodejs\node.exe C:\Users\chaitanya\AppData\Roaming\npm\node_modules\firebase-tools\lib\bin\firebase.js init
[debug] [2023-07-05T03:11:01.376Z] CLI Version:   12.4.2
[debug] [2023-07-05T03:11:01.376Z] Platform:      win32
[debug] [2023-07-05T03:11:01.376Z] Node Version:  v17.8.0
[debug] [2023-07-05T03:11:01.378Z] Time:          Wed Jul 05 2023 08:41:01 GMT+0530 (India Standard Time)
[debug] [2023-07-05T03:11:01.379Z] ----------------------------------------------------------------------
[debug] 
[debug] [2023-07-05T03:11:01.535Z] > command requires scopes: ["email","openid","https://www.googleapis.com/auth/cloudplatformprojects.readonly","https://www.googleapis.com/auth/firebase","https://www.googleapis.com/auth/cloud-platform"]
[debug] [2023-07-05T03:11:01.537Z] > authorizing via signed-in user (chaitanya031896@gmail.com)
[info] 
     ######## #### ########  ######## ########     ###     ######  ########
     ##        ##  ##     ## ##       ##     ##  ##   ##  ##       ##
     ######    ##  ########  ######   ########  #########  ######  ######
     ##        ##  ##    ##  ##       ##     ## ##     ##       ## ##
     ##       #### ##     ## ######## ########  ##     ##  ######  ########

You're about to initialize a Firebase project in this directory:

  C:\Users\chaitanya\Desktop\chat-app

Before we get started, keep in mind:

  * You are initializing within an existing Firebase project directory

[info] 
=== Project Setup
[info] 
[info] First, let's associate this project directory with a Firebase project.
[info] You can create multiple project aliases by running firebase use --add, 
[info] but for now we'll just set up a default project.
[info] 
[debug] [2023-07-05T03:11:08.343Z] Using project from CLI flag: vips-authentication-app
[debug] [2023-07-05T03:11:08.347Z] >>> [apiv2][query] GET https://firebase.googleapis.com/v1beta1/projects/vips-authentication-app [none]
[debug] [2023-07-05T03:11:10.294Z] <<< [apiv2][status] GET https://firebase.googleapis.com/v1beta1/projects/vips-authentication-app 200
[debug] [2023-07-05T03:11:10.294Z] <<< [apiv2][body] GET https://firebase.googleapis.com/v1beta1/projects/vips-authentication-app {"projectId":"vips-authentication-app","projectNumber":"993188102943","displayName":"Vip's authentication app","name":"projects/vips-authentication-app","resources":{"hostingSite":"vips-authentication-app"},"state":"ACTIVE","etag":"1_77b2c51d-e3a7-4073-9594-23289b7dcb86"}
[info] i  Using project vips-authentication-app (Vip's authentication app) 
[info] 
=== Hosting:github Setup
[info] 
[info] i  Didn't detect a .git folder. Assuming C:\Users\chaitanya\Desktop\chat-app is the project root. 
[info] i  Authorizing with GitHub to upload your service account to a GitHub repository's secrets store. 
[info] 
[info] Visit this URL on this device to log in:
[info] https://github.com/login/oauth/authorize?client_id=89cf50f02ac6aaed3484&state=267786819&redirect_uri=http%3A%2F%2Flocalhost%3A9005&scope=read%3Auser%20repo%20public_repo
[info] 
[info] Waiting for authentication...
[debug] [2023-07-05T03:11:11.117Z] >>> [apiv2][query] POST https://github.com/login/oauth/access_token [none]
[debug] [2023-07-05T03:11:11.117Z] >>> [apiv2][body] POST https://github.com/login/oauth/access_token [stream]
[debug] [2023-07-05T03:11:16.833Z] <<< [apiv2][status] POST https://github.com/login/oauth/access_token 200
[debug] [2023-07-05T03:11:16.833Z] <<< [apiv2][body] POST https://github.com/login/oauth/access_token {"access_token":"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","token_type":"bearer","scope":"read:user,repo"}
[debug] [2023-07-05T03:11:16.854Z] >>> [apiv2][query] GET https://api.github.com/user [none]
[debug] [2023-07-05T03:11:17.755Z] <<< [apiv2][status] GET https://api.github.com/user 200
[debug] [2023-07-05T03:11:17.755Z] <<< [apiv2][body] GET https://api.github.com/user {"login":"sambangichaitanya","id":106516450,"node_id":"U_kgDOBllP4g","avatar_url":"https://avatars.githubusercontent.com/u/106516450?v=4","gravatar_id":"","url":"https://api.github.com/users/sambangichaitanya","html_url":"https://github.com/sambangichaitanya","followers_url":"https://api.github.com/users/sambangichaitanya/followers","following_url":"https://api.github.com/users/sambangichaitanya/following{/other_user}","gists_url":"https://api.github.com/users/sambangichaitanya/gists{/gist_id}","starred_url":"https://api.github.com/users/sambangichaitanya/starred{/owner}{/repo}","subscriptions_url":"https://api.github.com/users/sambangichaitanya/subscriptions","organizations_url":"https://api.github.com/users/sambangichaitanya/orgs","repos_url":"https://api.github.com/users/sambangichaitanya/repos","events_url":"https://api.github.com/users/sambangichaitanya/events{/privacy}","received_events_url":"https://api.github.com/users/sambangichaitanya/received_events","type":"User","site_admin":false,"name":"chaitanya39","company":null,"blog":"","location":null,"email":null,"hireable":null,"bio":null,"twitter_username":null,"public_repos":15,"public_gists":0,"followers":0,"following":0,"created_at":"2022-05-30T08:17:46Z","updated_at":"2023-07-03T02:15:53Z","private_gists":0,"total_private_repos":0,"owned_private_repos":0,"disk_usage":44063,"collaborators":0,"two_factor_authentication":false,"plan":{"name":"free","space":976562499,"collaborators":0,"private_repos":10000}}
[info] 
[info] +  Success! Logged into GitHub as sambangichaitanya 
[info] 
[debug] [2023-07-05T03:11:50.794Z] >>> [apiv2][query] GET https://api.github.com/repos//actions/secrets/public-key type=owner
[debug] [2023-07-05T03:11:51.444Z] <<< [apiv2][status] GET https://api.github.com/repos//actions/secrets/public-key 404
[debug] [2023-07-05T03:11:51.444Z] <<< [apiv2][body] GET https://api.github.com/repos//actions/secrets/public-key {"message":"Not Found","documentation_url":"https://docs.github.com/rest"}
[info] 
[info] 
[error] !  The provided authorization cannot be used with this repository. If this repository is in an organization, did you remember to grant access? 
[info] 
[info] i  Action required: Visit this URL to ensure access has been granted to the appropriate organization(s) for the Firebase CLI GitHub OAuth App: 
[info] https://github.com/settings/connections/applications/89cf50f02ac6aaed3484
[info] 
[debug] [2023-07-05T03:12:34.501Z] >>> [apiv2][query] GET https://api.github.com/repos/chatapp/actions/secrets/public-key type=owner
[debug] [2023-07-05T03:12:35.272Z] <<< [apiv2][status] GET https://api.github.com/repos/chatapp/actions/secrets/public-key 404
[debug] [2023-07-05T03:12:35.272Z] <<< [apiv2][body] GET https://api.github.com/repos/chatapp/actions/secrets/public-key {"message":"Not Found","documentation_url":"https://docs.github.com/rest"}
[info] 
[info] 
[error] !  The provided authorization cannot be used with this repository. If this repository is in an organization, did you remember to grant access? 
[info] 
[info] i  Action required: Visit this URL to ensure access has been granted to the appropriate organization(s) for the Firebase CLI GitHub OAuth App: 
[info] https://github.com/settings/connections/applications/89cf50f02ac6aaed3484
[info] 
[debug] [2023-07-05T03:13:01.800Z] >>> [apiv2][query] GET https://api.github.com/repos/chatapp/actions/secrets/public-key type=owner
[debug] [2023-07-05T03:13:02.215Z] >>> [apiv2][query] GET https://api.github.com/repos//actions/secrets/public-key type=owner
[debug] [2023-07-05T03:13:02.384Z] >>> [apiv2][query] GET https://api.github.com/repos//actions/secrets/public-key type=owner
[debug] [2023-07-05T03:13:02.826Z] <<< [apiv2][status] GET https://api.github.com/repos//actions/secrets/public-key 404
[debug] [2023-07-05T03:13:02.826Z] <<< [apiv2][body] GET https://api.github.com/repos//actions/secrets/public-key {"message":"Not Found","documentation_url":"https://docs.github.com/rest"}
[info] 
[info] 
[error] !  The provided authorization cannot be used with this repository. If this repository is in an organization, did you remember to grant access? 
[info] 
[info] i  Action required: Visit this URL to ensure access has been granted to the appropriate organization(s) for the Firebase CLI GitHub OAuth App: 
[info] https://github.com/settings/connections/applications/89cf50f02ac6aaed3484
[info] 
[debug] [2023-07-05T03:13:03.136Z] <<< [apiv2][status] GET https://api.github.com/repos/chatapp/actions/secrets/public-key 404
[debug] [2023-07-05T03:13:03.136Z] <<< [apiv2][body] GET https://api.github.com/repos/chatapp/actions/secrets/public-key {"message":"Not Found","documentation_url":"https://docs.github.com/rest"}
[info] 
[info] 
[error] !  The provided authorization cannot be used with this repository. If this repository is in an organization, did you remember to grant access? 
[info] 
[info] i  Action required: Visit this URL to ensure access has been granted to the appropriate organization(s) for the Firebase CLI GitHub OAuth App: 
[info] https://github.com/settings/connections/applications/89cf50f02ac6aaed3484
[info] 
[debug] [2023-07-05T03:13:03.226Z] <<< [apiv2][status] GET https://api.github.com/repos//actions/secrets/public-key 404
[debug] [2023-07-05T03:13:03.227Z] <<< [apiv2][body] GET https://api.github.com/repos//actions/secrets/public-key {"message":"Not Found","documentation_url":"https://docs.github.com/rest"}
[info] 
[info] 
[error] !  The provided authorization cannot be used with this repository. If this repository is in an organization, did you remember to grant access? 
[info] 
[info] i  Action required: Visit this URL to ensure access has been granted to the appropriate organization(s) for the Firebase CLI GitHub OAuth App: 
[info] https://github.com/settings/connections/applications/89cf50f02ac6aaed3484
[info] 
